[DEBUG] 2017-08-02 15:47:17.359 [http-nio-8091-exec-1] RecipeController - get all recipes
[DEBUG] 2017-08-03 12:02:45.929 [http-nio-8091-exec-1] RecipeController - get all recipes
[DEBUG] 2017-08-03 12:03:16.822 [http-nio-8091-exec-2] RecipeController - get all recipes
[DEBUG] 2017-08-03 12:04:04.278 [http-nio-8091-exec-1] RecipeController - get all recipes
[DEBUG] 2017-08-03 12:28:52.827 [http-nio-8091-exec-1] RecipeController - get all recipes
[DEBUG] 2017-08-08 11:57:12.837 [main] Init - init saving recipes
[DEBUG] 2017-08-08 11:59:09.833 [main] Init - init saving recipes
[DEBUG] 2017-08-08 12:02:11.273 [http-nio-8091-exec-2] RecipeController - get all recipes
[DEBUG] 2017-08-08 12:29:30.005 [main] Init - init saving recipes
[DEBUG] 2017-08-08 12:30:02.567 [http-nio-8091-exec-1] RecipeController - get all recipes
[DEBUG] 2017-08-10 16:59:08.880 [main] Init - init saving recipes in db
[DEBUG] 2017-09-21 16:42:43.491 [main] Init - init saving recipes in db
[DEBUG] 2017-09-22 10:01:11.549 [main] Init - init saving recipes in db
[DEBUG] 2017-09-22 10:02:02.672 [main] Init - init saving recipes in db
[DEBUG] 2017-09-22 10:05:06.441 [main] Init - init saving recipes in db
[DEBUG] 2017-09-22 10:14:19.568 [main] Init - init saving recipes in db
[DEBUG] 2017-09-22 11:31:02.398 [main] Init - init saving recipes in db
[DEBUG] 2017-09-22 11:36:09.661 [http-nio-8092-exec-8] RecipeController - getRecipes() from controller
[DEBUG] 2017-09-22 11:36:09.773 [http-nio-8092-exec-8] RecipeServiceImp - getRecipes()
[DEBUG] 2017-09-22 11:36:44.582 [http-nio-8092-exec-7] RecipeController - getRecipeByName(name1)
[DEBUG] 2017-09-22 11:36:44.587 [http-nio-8092-exec-7] RecipeServiceImp - findByEmail(name1)
[DEBUG] 2017-09-22 12:00:58.597 [main] Init - init saving recipes in db
[DEBUG] 2017-09-22 12:00:59.603 [main] RecipeController - getRecipeByName(name1)
[DEBUG] 2017-09-22 12:00:59.606 [main] RecipeServiceImp - findByEmail(name1)
[DEBUG] 2017-09-22 14:09:47.119 [main] Init - init saving recipes in db
[DEBUG] 2017-09-22 14:09:48.096 [main] RecipeController - getRecipeByName(name1)
[DEBUG] 2017-09-22 14:09:48.098 [main] RecipeServiceImp - findByEmail(name1)
[DEBUG] 2017-09-22 14:09:48.244 [main] RecipeController - addRecipe() controller
[DEBUG] 2017-09-22 14:09:48.244 [main] RecipeServiceImp - addRecipe() from service
[DEBUG] 2017-09-22 14:09:48.248 [main] RecipeController - getRecipeByName(name1992)
[DEBUG] 2017-09-22 14:09:48.248 [main] RecipeServiceImp - findByEmail(name1992)
[DEBUG] 2017-09-22 14:29:54.987 [main] Init - init saving recipes in db
[DEBUG] 2017-09-22 14:29:55.973 [main] RecipeController - getRecipeByName(name1)
[DEBUG] 2017-09-22 14:29:55.976 [main] RecipeServiceImp - findByEmail(name1)
[DEBUG] 2017-09-22 14:29:56.135 [main] RecipeController - addRecipe() controller
[DEBUG] 2017-09-22 14:29:56.135 [main] RecipeServiceImp - addRecipe() from service
[DEBUG] 2017-09-22 14:29:56.138 [main] RecipeController - getRecipeByName(name1992)
[DEBUG] 2017-09-22 14:29:56.138 [main] RecipeServiceImp - findByEmail(name1992)
[DEBUG] 2017-09-22 14:31:58.126 [main] Init - init saving recipes in db
[DEBUG] 2017-09-22 14:31:59.095 [main] RecipeController - getRecipeByName(name1)
[DEBUG] 2017-09-22 14:31:59.097 [main] RecipeServiceImp - findByEmail(name1)
[DEBUG] 2017-09-22 14:31:59.249 [main] RecipeController - addRecipe() controller
[DEBUG] 2017-09-22 14:31:59.249 [main] RecipeServiceImp - addRecipe() from service
[DEBUG] 2017-09-22 14:31:59.256 [main] RecipeController - getRecipeByName(name1992)
[DEBUG] 2017-09-22 14:31:59.257 [main] RecipeServiceImp - findByEmail(name1992)
[DEBUG] 2017-09-22 14:40:26.682 [http-nio-8092-exec-8] RecipeController - getRecipes() from controller
[DEBUG] 2017-09-22 14:40:26.692 [http-nio-8092-exec-8] RecipeServiceImp - getRecipes()
[DEBUG] 2017-09-22 14:41:05.077 [http-nio-8092-exec-6] RecipeController - addRecipe() controller
[DEBUG] 2017-09-22 14:41:05.077 [http-nio-8092-exec-6] RecipeServiceImp - addRecipe() from service
[DEBUG] 2017-09-22 14:41:24.725 [http-nio-8092-exec-4] RecipeController - getRecipes() from controller
[DEBUG] 2017-09-22 14:41:24.726 [http-nio-8092-exec-4] RecipeServiceImp - getRecipes()
[DEBUG] 2017-09-22 14:42:41.686 [main] Init - init saving recipes in db
[DEBUG] 2017-09-22 14:42:42.680 [main] RecipeController - getRecipeByName(name1)
[DEBUG] 2017-09-22 14:42:42.682 [main] RecipeServiceImp - findByEmail(name1)
[DEBUG] 2017-09-22 14:42:42.859 [main] RecipeController - addRecipe() controller
[DEBUG] 2017-09-22 14:42:42.859 [main] RecipeServiceImp - addRecipe() from service
[DEBUG] 2017-09-22 14:42:42.863 [main] RecipeController - getRecipeByName(name1992)
[DEBUG] 2017-09-22 14:42:42.863 [main] RecipeServiceImp - findByEmail(name1992)
[DEBUG] 2017-09-22 14:43:32.667 [main] Init - init saving recipes in db
[DEBUG] 2017-09-22 14:43:33.631 [main] RecipeController - getRecipeByName(name1)
[DEBUG] 2017-09-22 14:43:33.634 [main] RecipeServiceImp - findByEmail(name1)
[DEBUG] 2017-09-22 14:43:33.805 [main] RecipeController - addRecipe() controller
[DEBUG] 2017-09-22 14:43:33.805 [main] RecipeServiceImp - addRecipe() from service
[DEBUG] 2017-09-22 14:43:33.808 [main] RecipeController - getRecipeByName(name19)
[DEBUG] 2017-09-22 14:43:33.808 [main] RecipeServiceImp - findByEmail(name19)
[DEBUG] 2017-09-22 14:43:46.519 [http-nio-8092-exec-6] RecipeController - getRecipes() from controller
[DEBUG] 2017-09-22 14:43:46.520 [http-nio-8092-exec-6] RecipeServiceImp - getRecipes()
[DEBUG] 2017-09-22 14:44:10.309 [http-nio-8092-exec-7] RecipeController - getRecipeByName(recipe1992)
[DEBUG] 2017-09-22 14:44:10.310 [http-nio-8092-exec-7] RecipeServiceImp - findByEmail(recipe1992)
[DEBUG] 2017-09-22 14:44:22.716 [http-nio-8092-exec-2] RecipeController - getRecipeByName(name1992)
[DEBUG] 2017-09-22 14:44:22.717 [http-nio-8092-exec-2] RecipeServiceImp - findByEmail(name1992)
[DEBUG] 2017-09-22 14:49:39.616 [main] RecipeController - addRecipe() controller
[DEBUG] 2017-09-22 14:53:15.942 [main] Init - init saving recipes in db
[DEBUG] 2017-09-22 14:53:16.993 [main] RecipeController - getRecipeByName(name1)
[DEBUG] 2017-09-22 14:53:16.995 [main] RecipeServiceImp - findByEmail(name1)
[DEBUG] 2017-09-22 14:53:17.151 [main] RecipeController - addRecipe() controller
[DEBUG] 2017-09-22 14:53:17.152 [main] RecipeServiceImp - addRecipe() from service
[DEBUG] 2017-09-22 14:53:17.155 [main] RecipeController - getRecipeByName(name1992)
[DEBUG] 2017-09-22 14:53:17.156 [main] RecipeServiceImp - findByEmail(name1992)
[DEBUG] 2017-09-22 14:53:30.982 [http-nio-8092-exec-10] RecipeController - getRecipeByName(name1992)
[DEBUG] 2017-09-22 14:53:30.983 [http-nio-8092-exec-10] RecipeServiceImp - findByEmail(name1992)
[DEBUG] 2017-09-22 14:53:38.629 [http-nio-8092-exec-6] RecipeController - getRecipes() from controller
[DEBUG] 2017-09-22 14:53:38.631 [http-nio-8092-exec-6] RecipeServiceImp - getRecipes()
[DEBUG] 2017-09-22 14:53:40.588 [http-nio-8092-exec-4] RecipeController - getRecipes() from controller
[DEBUG] 2017-09-22 14:53:40.590 [http-nio-8092-exec-4] RecipeServiceImp - getRecipes()
[DEBUG] 2017-09-22 15:03:18.243 [main] RecipeServiceImp - deleteRecipe() from service
[DEBUG] 2017-09-22 15:04:20.344 [main] RecipeServiceImp - deleteRecipe() from service
[DEBUG] 2017-09-22 15:05:26.656 [main] RecipeServiceImp - deleteRecipe() from service
[DEBUG] 2017-09-22 15:09:45.161 [main] RecipeServiceImp - deleteRecipe() from service
[DEBUG] 2017-09-22 15:10:08.522 [main] RecipeServiceImp - deleteRecipe() from service
[DEBUG] 2017-09-22 15:12:49.275 [main] RecipeServiceImp - deleteRecipe() from service
[DEBUG] 2017-09-22 15:16:58.758 [main] RecipeServiceImp - deleteRecipe() from service
[DEBUG] 2017-09-22 15:17:41.544 [main] Init - init saving recipes in db
[DEBUG] 2017-09-22 15:17:59.503 [main] Init - init saving recipes in db
[DEBUG] 2017-09-22 15:18:06.915 [main] RecipeServiceImp - deleteRecipe() from service
[DEBUG] 2017-09-22 15:35:08.098 [main] Init - init saving recipes in db
[DEBUG] 2017-09-22 15:35:19.400 [main] Init - init saving recipes in db
[DEBUG] 2017-09-22 15:35:38.563 [http-nio-8092-exec-9] RecipeController - deleteRecipeById(3)
[DEBUG] 2017-09-22 15:35:38.563 [http-nio-8092-exec-9] RecipeServiceImp - deleteRecipe() from service
[DEBUG] 2017-09-22 15:35:58.112 [http-nio-8092-exec-4] RecipeController - getRecipes() from controller
[DEBUG] 2017-09-22 15:35:58.212 [http-nio-8092-exec-4] RecipeServiceImp - getRecipes()
[DEBUG] 2017-09-22 15:36:15.721 [http-nio-8092-exec-7] RecipeController - deleteRecipeById(2)
[DEBUG] 2017-09-22 15:36:15.721 [http-nio-8092-exec-7] RecipeServiceImp - deleteRecipe() from service
[DEBUG] 2017-09-22 15:50:46.447 [main] Init - init saving recipes in db
[DEBUG] 2017-09-22 15:50:47.425 [main] RecipeController - getRecipeByName(name1)
[DEBUG] 2017-09-22 15:50:47.427 [main] RecipeServiceImp - findByEmail(name1)
[DEBUG] 2017-09-22 15:50:47.586 [main] RecipeController - deleteRecipeById(2)
[DEBUG] 2017-09-22 15:50:47.587 [main] RecipeServiceImp - deleteRecipe() from service
[DEBUG] 2017-09-22 15:50:47.601 [main] RecipeController - getRecipeById(2)
[DEBUG] 2017-09-22 15:50:47.602 [main] RecipeServiceImp - getRecipeById(2)
[DEBUG] 2017-09-22 15:50:47.619 [main] RecipeController - addRecipe() controller
[DEBUG] 2017-09-22 15:50:47.619 [main] RecipeServiceImp - addRecipe() from service
[DEBUG] 2017-09-22 15:50:47.623 [main] RecipeController - getRecipeByName(name1992)
[DEBUG] 2017-09-22 15:50:47.623 [main] RecipeServiceImp - findByEmail(name1992)
[DEBUG] 2017-09-22 15:53:05.178 [main] Init - init saving recipes in db
[DEBUG] 2017-09-22 15:53:22.832 [http-nio-8092-exec-1] RecipeController - getRecipeById(2)
[DEBUG] 2017-09-22 15:53:22.834 [http-nio-8092-exec-1] RecipeServiceImp - getRecipeById(2)
[DEBUG] 2017-09-22 15:53:42.225 [main] Init - init saving recipes in db
[DEBUG] 2017-09-22 15:53:43.219 [main] RecipeController - getRecipeByName(name1)
[DEBUG] 2017-09-22 15:53:43.222 [main] RecipeServiceImp - findByEmail(name1)
[DEBUG] 2017-09-22 15:53:43.397 [main] RecipeController - deleteRecipeById(2)
[DEBUG] 2017-09-22 15:53:43.398 [main] RecipeServiceImp - deleteRecipe() from service
[DEBUG] 2017-09-22 15:53:43.416 [main] RecipeController - getRecipeById(2)
[DEBUG] 2017-09-22 15:53:43.416 [main] RecipeServiceImp - getRecipeById(2)
[DEBUG] 2017-09-22 15:53:43.433 [main] RecipeController - addRecipe() controller
[DEBUG] 2017-09-22 15:53:43.433 [main] RecipeServiceImp - addRecipe() from service
[DEBUG] 2017-09-22 15:53:43.437 [main] RecipeController - getRecipeByName(name1992)
[DEBUG] 2017-09-22 15:53:43.437 [main] RecipeServiceImp - findByEmail(name1992)
[DEBUG] 2017-09-22 15:54:29.549 [main] Init - init saving recipes in db
[DEBUG] 2017-09-22 15:54:30.990 [main] RecipeController - getRecipeByName(name1)
[DEBUG] 2017-09-22 15:54:30.993 [main] RecipeServiceImp - findByEmail(name1)
[DEBUG] 2017-09-22 15:54:31.205 [main] RecipeController - deleteRecipeById(2)
[DEBUG] 2017-09-22 15:54:31.205 [main] RecipeServiceImp - deleteRecipe() from service
[DEBUG] 2017-09-22 15:54:31.223 [main] RecipeController - getRecipeById(2)
[DEBUG] 2017-09-22 15:54:31.224 [main] RecipeServiceImp - getRecipeById(2)
[DEBUG] 2017-09-22 15:54:31.240 [main] RecipeController - addRecipe() controller
[DEBUG] 2017-09-22 15:54:31.240 [main] RecipeServiceImp - addRecipe() from service
[DEBUG] 2017-09-22 15:54:31.243 [main] RecipeController - getRecipeByName(name1992)
[DEBUG] 2017-09-22 15:54:31.243 [main] RecipeServiceImp - findByEmail(name1992)
[DEBUG] 2017-09-22 15:55:54.575 [http-nio-8092-exec-10] RecipeController - deleteRecipeById(2)
[DEBUG] 2017-09-22 15:55:54.575 [http-nio-8092-exec-10] RecipeServiceImp - deleteRecipe() from service
[DEBUG] 2017-09-22 15:56:06.502 [http-nio-8092-exec-7] RecipeController - getRecipes() from controller
[DEBUG] 2017-09-22 15:56:06.589 [http-nio-8092-exec-7] RecipeServiceImp - getRecipes()
[DEBUG] 2017-09-22 16:27:37.048 [main] Init - init saving recipes in db
[DEBUG] 2017-09-22 16:27:38.034 [main] RecipeController - getRecipeByName(name1)
[DEBUG] 2017-09-22 16:27:38.038 [main] RecipeServiceImp - findByEmail(name1)
[DEBUG] 2017-09-22 16:27:38.200 [main] RecipeController - deleteRecipeById(2)
[DEBUG] 2017-09-22 16:27:38.200 [main] RecipeServiceImp - deleteRecipe() from service
[DEBUG] 2017-09-22 16:27:38.214 [main] RecipeController - getRecipeById(2)
[DEBUG] 2017-09-22 16:27:38.214 [main] RecipeServiceImp - getRecipeById(2)
[DEBUG] 2017-09-22 16:27:38.226 [main] RecipeController - addRecipe() controller
[DEBUG] 2017-09-22 16:27:38.226 [main] RecipeServiceImp - addRecipe() from service
[DEBUG] 2017-09-22 16:27:38.228 [main] RecipeController - getRecipeByName(name1992)
[DEBUG] 2017-09-22 16:27:38.228 [main] RecipeServiceImp - findByEmail(name1992)
[DEBUG] 2017-09-22 16:28:32.325 [main] Init - init saving recipes in db
[DEBUG] 2017-09-25 14:11:34.068 [main] RecipeController - getRecipeByName(name1)
[DEBUG] 2017-09-25 17:03:51.243 [main] Init - init saving recipes in db
[DEBUG] 2017-09-25 17:06:06.590 [http-nio-8092-exec-9] RecipeController - getRecipes() from controller
[DEBUG] 2017-09-25 17:06:06.680 [http-nio-8092-exec-9] RecipeServiceImp - getRecipes()
[DEBUG] 2017-09-25 17:08:38.089 [main] Init - init saving recipes in db
[DEBUG] 2017-09-25 17:09:56.370 [http-nio-8092-exec-10] RecipeController - getRecipes() from controller
[DEBUG] 2017-09-25 17:09:56.453 [http-nio-8092-exec-10] RecipeServiceImp - getRecipes()
[DEBUG] 2017-09-25 17:10:11.911 [http-nio-8092-exec-9] RecipeController - getRecipes() from controller
[DEBUG] 2017-09-25 17:10:11.913 [http-nio-8092-exec-9] RecipeServiceImp - getRecipes()
[DEBUG] 2017-09-25 17:15:05.721 [http-nio-8092-exec-2] RecipeController - getRecipes() from controller
[DEBUG] 2017-09-25 17:15:05.723 [http-nio-8092-exec-2] RecipeServiceImp - getRecipes()
[DEBUG] 2017-09-25 17:22:14.878 [http-nio-8092-exec-3] RecipeController - getRecipes() from controller
[DEBUG] 2017-09-25 17:22:14.880 [http-nio-8092-exec-3] RecipeServiceImp - getRecipes()
[DEBUG] 2017-09-25 17:30:55.433 [http-nio-8092-exec-5] RecipeController - getRecipes() from controller
[DEBUG] 2017-09-25 17:30:55.434 [http-nio-8092-exec-5] RecipeServiceImp - getRecipes()
[DEBUG] 2017-09-26 14:05:36.065 [main] Init - init saving recipes in db
[DEBUG] 2017-09-26 15:05:00.289 [main] Init - init saving recipes in db
[DEBUG] 2017-09-26 15:07:43.068 [main] Init - init saving recipes in db
[DEBUG] 2017-09-26 15:09:40.111 [main] Init - init saving recipes in db
[DEBUG] 2017-09-26 15:12:10.927 [main] Init - init saving recipes in db
[DEBUG] 2017-09-26 16:06:17.190 [main] Init - init saving recipes in db
[DEBUG] 2017-09-26 16:07:21.283 [main] Init - init saving recipes in db
[DEBUG] 2017-09-26 16:12:54.248 [http-nio-8092-exec-4] RecipeController - getRecipes() from controller
[DEBUG] 2017-09-26 16:12:54.339 [http-nio-8092-exec-4] RecipeServiceImp - getRecipes()
[DEBUG] 2017-09-26 16:15:04.543 [main] Init - init saving recipes in db
[DEBUG] 2017-09-26 16:15:13.833 [http-nio-8092-exec-2] RecipeController - getRecipes() from controller
[DEBUG] 2017-09-26 16:15:13.920 [http-nio-8092-exec-2] RecipeServiceImp - getRecipes()
[DEBUG] 2017-09-26 16:20:16.886 [main] Init - init saving recipes in db
[DEBUG] 2017-09-26 16:20:28.476 [http-nio-8092-exec-2] RecipeController - getRecipes() from controller
[DEBUG] 2017-09-26 16:20:28.563 [http-nio-8092-exec-2] RecipeServiceImp - getRecipes()
[DEBUG] 2017-09-26 16:23:43.054 [main] Init - init saving recipes in db
[DEBUG] 2017-09-26 16:23:56.093 [http-nio-8092-exec-4] RecipeController - getRecipes() from controller
[DEBUG] 2017-09-26 16:23:56.182 [http-nio-8092-exec-4] RecipeServiceImp - getRecipes()
[DEBUG] 2017-09-26 16:27:39.791 [http-nio-8092-exec-10] RecipeController - getRecipeById(1)
[DEBUG] 2017-09-26 16:27:39.792 [http-nio-8092-exec-10] RecipeServiceImp - getRecipeById(1)
[DEBUG] 2017-09-26 16:32:53.008 [main] Init - init saving recipes in db
[DEBUG] 2017-09-26 16:33:24.768 [http-nio-8092-exec-6] RecipeController - getRecipes() from controller
[DEBUG] 2017-09-26 16:33:24.856 [http-nio-8092-exec-6] RecipeServiceImp - getRecipes()
[DEBUG] 2017-09-26 16:34:06.477 [main] Init - init saving recipes in db
[DEBUG] 2017-09-26 16:34:33.145 [http-nio-8092-exec-1] RecipeController - getRecipes() from controller
[DEBUG] 2017-09-26 16:34:33.233 [http-nio-8092-exec-1] RecipeServiceImp - getRecipes()
[DEBUG] 2017-09-26 16:35:00.066 [http-nio-8092-exec-6] RecipeController - getRecipeById(1)
[DEBUG] 2017-09-26 16:35:00.067 [http-nio-8092-exec-6] RecipeServiceImp - getRecipeById(1)
[DEBUG] 2017-09-26 16:36:27.298 [http-nio-8092-exec-3] RecipeController - addRecipe() controller
[DEBUG] 2017-09-26 16:36:27.298 [http-nio-8092-exec-3] RecipeServiceImp - addRecipe() from service
[DEBUG] 2017-09-26 16:43:34.550 [main] Init - init saving recipes in db
[DEBUG] 2017-09-26 17:22:28.947 [main] Init - init saving recipes in db
[DEBUG] 2017-09-26 17:25:08.431 [main] Init - init saving recipes in db
[DEBUG] 2017-09-26 17:29:12.722 [main] Init - init saving recipes in db
[DEBUG] 2017-09-26 17:32:34.386 [main] Init - init saving recipes in db
[DEBUG] 2017-09-26 17:50:31.221 [main] Init - init saving recipes in db
[DEBUG] 2017-09-26 17:52:54.274 [main] Init - init saving recipes in db
[DEBUG] 2017-09-26 17:53:30.212 [http-nio-8092-exec-4] RecipeController - getRecipes() from controller
[DEBUG] 2017-09-26 17:53:30.287 [http-nio-8092-exec-4] RecipeServiceImp - getRecipes()
[DEBUG] 2017-09-26 17:54:08.754 [http-nio-8092-exec-7] RecipeController - getRecipes() from controller
[DEBUG] 2017-09-26 17:54:08.755 [http-nio-8092-exec-7] RecipeServiceImp - getRecipes()
[DEBUG] 2017-09-26 17:54:26.877 [http-nio-8092-exec-2] RecipeController - getRecipeById(1)
[DEBUG] 2017-09-26 17:54:26.879 [http-nio-8092-exec-2] RecipeServiceImp - getRecipeById(1)
[DEBUG] 2017-09-28 11:21:40.250 [main] Init - init saving recipes in db
[DEBUG] 2017-09-28 11:22:22.258 [http-nio-8092-exec-9] RecipeController - getRecipes() from controller
[DEBUG] 2017-09-28 11:22:22.345 [http-nio-8092-exec-9] RecipeServiceImp - getRecipes()
[DEBUG] 2017-09-28 13:57:56.593 [main] Init - init saving recipes in db
[DEBUG] 2017-09-28 13:58:32.609 [http-nio-8092-exec-10] RecipeController - getRecipes() from controller
[DEBUG] 2017-09-28 13:58:32.700 [http-nio-8092-exec-10] RecipeServiceImp - getRecipes()
[DEBUG] 2017-09-28 14:12:43.331 [main] Init - init saving recipes in db
[DEBUG] 2017-09-28 14:13:13.468 [http-nio-8092-exec-1] RecipeController - getRecipes() from controller
[DEBUG] 2017-09-28 14:13:13.564 [http-nio-8092-exec-1] RecipeServiceImp - getRecipes()
[DEBUG] 2017-09-28 14:20:15.711 [main] Init - init saving recipes in db
[DEBUG] 2017-09-28 14:20:26.011 [http-nio-8092-exec-7] RecipeController - getRecipes() from controller
[DEBUG] 2017-09-28 14:20:26.107 [http-nio-8092-exec-7] RecipeServiceImp - getRecipes()
[DEBUG] 2017-09-28 14:20:51.178 [http-nio-8092-exec-5] RecipeController - getRecipeById(1)
[DEBUG] 2017-09-28 14:20:51.179 [http-nio-8092-exec-5] RecipeServiceImp - getRecipeById(1)
[DEBUG] 2017-09-28 14:24:20.726 [main] Init - init saving recipes in db
[DEBUG] 2017-09-28 14:24:34.516 [http-nio-8092-exec-8] RecipeController - getRecipes() from controller
[DEBUG] 2017-09-28 14:24:34.604 [http-nio-8092-exec-8] RecipeServiceImp - getRecipes()
[DEBUG] 2017-09-28 14:24:44.277 [http-nio-8092-exec-2] RecipeController - getRecipeById(1)
[DEBUG] 2017-09-28 14:24:44.278 [http-nio-8092-exec-2] RecipeServiceImp - getRecipeById(1)
[DEBUG] 2017-09-28 14:36:56.321 [main] Init - init saving recipes in db
[DEBUG] 2017-09-28 14:37:28.754 [http-nio-8092-exec-3] RecipeController - getRecipeById(1)
[DEBUG] 2017-09-28 14:37:28.755 [http-nio-8092-exec-3] RecipeServiceImp - getRecipeById(1)
[DEBUG] 2017-09-28 14:40:11.370 [main] Init - init saving recipes in db
[DEBUG] 2017-09-28 14:40:45.999 [http-nio-8092-exec-8] RecipeController - getRecipeById(1)
[DEBUG] 2017-09-28 14:40:46.002 [http-nio-8092-exec-8] RecipeServiceImp - getRecipeById(1)
[DEBUG] 2017-09-28 14:42:07.869 [main] Init - init saving recipes in db
[DEBUG] 2017-09-28 14:42:18.118 [http-nio-8092-exec-8] RecipeController - getRecipeById(1)
[DEBUG] 2017-09-28 14:42:18.120 [http-nio-8092-exec-8] RecipeServiceImp - getRecipeById(1)
[DEBUG] 2017-09-28 14:42:37.171 [http-nio-8092-exec-2] RecipeController - getRecipeByName(name1)
[DEBUG] 2017-09-28 14:42:37.171 [http-nio-8092-exec-2] RecipeServiceImp - findByEmail(name1)
[DEBUG] 2017-09-28 14:59:38.703 [main] Init - init saving recipes in db
[DEBUG] 2017-09-28 14:59:51.058 [http-nio-8092-exec-7] RecipeController - getRecipeByName(1)
[DEBUG] 2017-09-28 14:59:51.060 [http-nio-8092-exec-7] RecipeServiceImp - findByEmail(1)
[DEBUG] 2017-09-28 15:00:11.879 [http-nio-8092-exec-2] RecipeController - getRecipeByName(name1)
[DEBUG] 2017-09-28 15:00:11.879 [http-nio-8092-exec-2] RecipeServiceImp - findByEmail(name1)
[DEBUG] 2017-09-28 15:00:25.142 [http-nio-8092-exec-3] RecipeController - getRecipes() from controller
[DEBUG] 2017-09-28 15:00:25.147 [http-nio-8092-exec-3] RecipeServiceImp - getRecipes()
[DEBUG] 2017-09-28 15:01:08.234 [main] Init - init saving recipes in db
[DEBUG] 2017-09-28 15:01:19.017 [http-nio-8092-exec-1] RecipeController - getRecipes() from controller
[DEBUG] 2017-09-28 15:01:19.127 [http-nio-8092-exec-1] RecipeServiceImp - getRecipes()
[DEBUG] 2017-09-28 15:01:38.048 [http-nio-8092-exec-2] RecipeController - getRecipeByName(name1)
[DEBUG] 2017-09-28 15:01:38.049 [http-nio-8092-exec-2] RecipeServiceImp - findByEmail(name1)
[DEBUG] 2017-09-28 15:02:26.786 [main] Init - init saving recipes in db
[DEBUG] 2017-09-28 15:12:25.691 [http-nio-8092-exec-7] RecipeController - getRecipes() from controller
[DEBUG] 2017-09-28 15:12:25.787 [http-nio-8092-exec-7] RecipeServiceImp - getRecipes()
[DEBUG] 2017-09-28 15:12:54.595 [http-nio-8092-exec-2] RecipeController - getRecipeById(1)
[DEBUG] 2017-09-28 15:12:54.596 [http-nio-8092-exec-2] RecipeServiceImp - getRecipeById(1)
[DEBUG] 2017-09-28 16:21:24.137 [http-nio-8092-exec-5] RecipeController - getRecipes() from controller
[DEBUG] 2017-09-28 16:21:24.148 [http-nio-8092-exec-5] RecipeServiceImp - getRecipes()
[DEBUG] 2017-09-28 16:25:57.565 [main] Init - init saving recipes in db
[DEBUG] 2017-09-28 16:26:31.295 [http-nio-8092-exec-1] RecipeController - getRecipes() from controller
[DEBUG] 2017-09-28 16:26:31.400 [http-nio-8092-exec-1] RecipeServiceImp - getRecipes()
[DEBUG] 2017-09-28 16:28:57.212 [main] Init - init saving recipes in db
[DEBUG] 2017-09-28 16:29:04.445 [http-nio-8092-exec-1] RecipeController - getRecipes() from controller
[DEBUG] 2017-09-28 16:29:04.552 [http-nio-8092-exec-1] RecipeServiceImp - getRecipes()
[DEBUG] 2017-09-28 16:29:14.467 [http-nio-8092-exec-2] RecipeController - getRecipes() from controller
[DEBUG] 2017-09-28 16:29:14.470 [http-nio-8092-exec-2] RecipeServiceImp - getRecipes()
[DEBUG] 2017-09-28 16:29:46.631 [main] Init - init saving recipes in db
[DEBUG] 2017-09-28 16:29:55.627 [http-nio-8092-exec-1] RecipeController - getRecipes() from controller
[DEBUG] 2017-09-28 16:29:55.734 [http-nio-8092-exec-1] RecipeServiceImp - getRecipes()
